2025-01-21 18:19:49,525 - INFO - Starting backtest...
2025-01-21 18:19:49,529 - INFO - Loaded 0 ticks for backtesting
2025-01-21 18:20:43,665 - INFO - Starting backtest...
2025-01-21 18:20:43,669 - INFO - Loaded 0 ticks for backtesting
2025-01-21 18:33:03,864 - INFO - Starting backtest...
2025-01-21 18:33:03,869 - INFO - Found 0 total ticks in the specified date range
2025-01-21 18:33:03,870 - INFO - 
    Data Range Summary:
    ------------------
    Earliest tick: None
    Latest tick: None
    Number of trading days: 0
                
2025-01-21 18:33:03,872 - INFO - 
First 5 ticks in the dataset:
2025-01-21 18:33:03,873 - INFO - 
Successfully loaded 0 ticks for backtesting
2025-01-21 18:33:03,874 - INFO - Loaded 0 ticks for backtesting
2025-01-21 18:35:52,838 - INFO - Starting backtest...
2025-01-21 18:35:52,839 - INFO - Found 452 total ticks in the specified date range
2025-01-21 18:35:52,841 - INFO - 
    Data Range Summary:
    ------------------
    Earliest tick: 2025-01-22 01:31:50.128491+00:00
    Latest tick: 2025-01-22 03:41:17.820883+00:00
    Number of trading days: 1
                
2025-01-21 18:35:52,842 - INFO - 
First 5 ticks in the dataset:
2025-01-21 18:35:52,843 - INFO - Time: 2025-01-22 01:31:50.128491+00:00, Price: $300.97000000, Volume: None
2025-01-21 18:35:52,843 - INFO - Time: 2025-01-22 01:31:50.173267+00:00, Price: $303.10000000, Volume: None
2025-01-21 18:35:52,843 - INFO - Time: 2025-01-22 01:31:50.173267+00:00, Price: $273.62000000, Volume: None
2025-01-21 18:35:52,844 - INFO - Time: 2025-01-22 01:31:50.173267+00:00, Price: $295.48000000, Volume: None
2025-01-21 18:35:52,844 - INFO - Time: 2025-01-22 01:31:50.174270+00:00, Price: $298.52000000, Volume: None
2025-01-21 18:35:52,845 - INFO - 
Successfully loaded 452 ticks for backtesting
2025-01-21 18:35:52,846 - INFO - Average time between ticks: 0:00:17.185160
2025-01-21 18:35:52,847 - INFO - Loaded 452 ticks for backtesting
2025-01-21 18:39:24,158 - INFO - Starting backtest...
2025-01-21 18:39:24,159 - INFO - Found 452 total ticks in the specified date range
2025-01-21 18:39:24,160 - INFO - 
    Data Range Summary:
    ------------------
    Earliest tick: 2025-01-22 01:31:50.128491+00:00
    Latest tick: 2025-01-22 03:41:17.820883+00:00
    Number of trading days: 1
                
2025-01-21 18:39:24,161 - INFO - 
First 5 ticks in the dataset:
2025-01-21 18:39:24,161 - INFO - Time: 2025-01-22 01:31:50.128491+00:00, Price: $300.97000000, Volume: None
2025-01-21 18:39:24,161 - INFO - Time: 2025-01-22 01:31:50.173267+00:00, Price: $303.10000000, Volume: None
2025-01-21 18:39:24,162 - INFO - Time: 2025-01-22 01:31:50.173267+00:00, Price: $273.62000000, Volume: None
2025-01-21 18:39:24,162 - INFO - Time: 2025-01-22 01:31:50.173267+00:00, Price: $295.48000000, Volume: None
2025-01-21 18:39:24,162 - INFO - Time: 2025-01-22 01:31:50.174270+00:00, Price: $298.52000000, Volume: None
2025-01-21 18:39:24,164 - INFO - 
Successfully loaded 452 ticks for backtesting
2025-01-21 18:39:24,164 - INFO - Average time between ticks: 0:00:17.185160
2025-01-21 18:39:24,165 - INFO - Loaded 452 ticks for backtesting
2025-01-21 18:40:02,347 - INFO - Starting backtest...
2025-01-21 18:40:02,348 - INFO - Found 452 total ticks in the specified date range
2025-01-21 18:40:02,350 - INFO - 
    Data Range Summary:
    ------------------
    Earliest tick: 2025-01-22 01:31:50.128491+00:00
    Latest tick: 2025-01-22 03:41:17.820883+00:00
    Number of trading days: 1
                
2025-01-21 18:40:02,351 - INFO - 
First 5 ticks in the dataset:
2025-01-21 18:40:02,352 - INFO - Time: 2025-01-22 01:31:50.128491+00:00, Price: $300.97000000, Volume: None
2025-01-21 18:40:02,352 - INFO - Time: 2025-01-22 01:31:50.173267+00:00, Price: $303.10000000, Volume: None
2025-01-21 18:40:02,352 - INFO - Time: 2025-01-22 01:31:50.173267+00:00, Price: $273.62000000, Volume: None
2025-01-21 18:40:02,353 - INFO - Time: 2025-01-22 01:31:50.173267+00:00, Price: $295.48000000, Volume: None
2025-01-21 18:40:02,353 - INFO - Time: 2025-01-22 01:31:50.174270+00:00, Price: $298.52000000, Volume: None
2025-01-21 18:40:02,355 - INFO - 
Successfully loaded 452 ticks for backtesting
2025-01-21 18:40:02,355 - INFO - Average time between ticks: 0:00:17.185160
2025-01-21 18:40:02,356 - INFO - Loaded 452 ticks for backtesting
2025-01-21 18:41:24,346 - INFO - Starting backtest...
2025-01-21 18:41:24,348 - INFO - Found 452 total ticks in the specified date range
2025-01-21 18:41:24,349 - INFO - 
    Data Range Summary:
    ------------------
    Earliest tick: 2025-01-22 01:31:50.128491+00:00
    Latest tick: 2025-01-22 03:41:17.820883+00:00
    Number of trading days: 1
                
2025-01-21 18:41:24,351 - INFO - 
First 5 ticks in the dataset:
2025-01-21 18:41:24,351 - INFO - Time: 2025-01-22 01:31:50.128491+00:00, Price: $300.97000000, Volume: None
2025-01-21 18:41:24,351 - INFO - Time: 2025-01-22 01:31:50.173267+00:00, Price: $303.10000000, Volume: None
2025-01-21 18:41:24,352 - INFO - Time: 2025-01-22 01:31:50.173267+00:00, Price: $273.62000000, Volume: None
2025-01-21 18:41:24,352 - INFO - Time: 2025-01-22 01:31:50.173267+00:00, Price: $295.48000000, Volume: None
2025-01-21 18:41:24,352 - INFO - Time: 2025-01-22 01:31:50.174270+00:00, Price: $298.52000000, Volume: None
2025-01-21 18:41:24,354 - INFO - 
Successfully loaded 452 ticks for backtesting
2025-01-21 18:41:24,355 - INFO - Average time between ticks: 0:00:17.185160
2025-01-21 18:41:24,355 - INFO - Loaded 452 ticks for backtesting
